Query: start transaction; , Status: SUCCESS
Query: insert into players('Blabala1', 30, 'Akha', 6.2, true); , Status: SUCCESS
Query: insert into players('Glagla1', 40, 'Lakha', 5.9, false); , Status: SUCCESS
Query: commit transaction; , Status: SUCCESS
Query: start transaction; , Status: SUCCESS
Query: insert into players('aborted_player', 30, 'aborted', 6.2, true); , Status: SUCCESS
Query: rollback transaction; , Status: SUCCESS
Query: start transaction; , Status: SUCCESS
Query: insert into players('Blabala1', 30, 'Akha', 6.2, true); , Status: SUCCESS
Query: insert into players('Glagla1', 40, 'Lakha', 5.9, false); , Status: SUCCESS
Query: commit transaction; , Status: SUCCESS
Query: start transaction; , Status: SUCCESS
Query: insert into players('aborted_player', 30, 'aborted', 6.2, true); , Status: SUCCESS
Query: rollback transaction; , Status: SUCCESS
Query: start transaction; , Status: SUCCESS
Query: insert into players('Blabala1', 30, 'Akha', 6.2, true); , Status: SUCCESS
Query: insert into players('Glagla1', 40, 'Lakha', 5.9, false); , Status: SUCCESS
Query: commit transaction; , Status: SUCCESS
Query: start transaction; , Status: SUCCESS
Query: insert into players('aborted_player', 30, 'aborted', 6.2, true); , Status: SUCCESS
Query: rollback transaction; , Status: SUCCESS
Query: start transaction; , Status: SUCCESS
Query: insert into players('Blabala1', 30, 'Akha', 6.2, true); , Status: SUCCESS
Query: insert into players('Glagla1', 40, 'Lakha', 5.9, false); , Status: SUCCESS
Query: commit transaction; , Status: SUCCESS
Query: start transaction; , Status: SUCCESS
Query: insert into players('aborted_player', 30, 'aborted', 6.2, true); , Status: SUCCESS
Query: rollback transaction; , Status: SUCCESS
Query: start transaction; , Status: SUCCESS
Query: insert into players('Blabala1', 30, 'Akha', 6.2, true); , Status: SUCCESS
Query: insert into players('Glagla1', 40, 'Lakha', 5.9, false); , Status: SUCCESS
Query: commit transaction; , Status: SUCCESS
Query: start transaction; , Status: SUCCESS
Query: insert into players('aborted_player', 30, 'aborted', 6.2, true); , Status: SUCCESS
Query: rollback transaction; , Status: SUCCESS
Query: start transaction; , Status: SUCCESS
Query: commit transaction; , Status: SUCCESS
Query: start transaction; , Status: SUCCESS
Query: rollback transaction; , Status: SUCCESS
Query: start transaction; , Status: SUCCESS
Query: insert into players('Blabala1', 30, 'Akha', 6.2, true); , Status: SUCCESS
Query: insert into players('Glagla1', 40, 'Lakha', 5.9, false); , Status: SUCCESS
Query: commit transaction; , Status: SUCCESS
Query: start transaction; , Status: SUCCESS
Query: insert into players('aborted_player', 30, 'aborted', 6.2, true); , Status: SUCCESS
Query: rollback transaction; , Status: SUCCESS
